<?xml version="1.0" encoding="UTF-8" standalone="yes"?><!DOCTYPE report PUBLIC "-//JACOCO//DTD Report 1.0//EN" "report.dtd"><report name="my_Junit"><sessioninfo id="Accolite-PC-2cf2506f" start="1405593829218" dump="1405593830192"/><package name="JUnit_Assignment"><class name="JUnit_Assignment/IEEE754Utils"><method name="&lt;init&gt;" desc="()V" line="28"><counter type="INSTRUCTION" missed="0" covered="3"/><counter type="LINE" missed="0" covered="1"/><counter type="COMPLEXITY" missed="0" covered="1"/><counter type="METHOD" missed="0" covered="1"/></method><method name="min" desc="([D)D" line="40"><counter type="INSTRUCTION" missed="0" covered="35"/><counter type="BRANCH" missed="0" covered="6"/><counter type="LINE" missed="0" covered="8"/><counter type="COMPLEXITY" missed="0" covered="4"/><counter type="METHOD" missed="0" covered="1"/></method><method name="min" desc="([F)F" line="65"><counter type="INSTRUCTION" missed="0" covered="35"/><counter type="BRANCH" missed="0" covered="6"/><counter type="LINE" missed="0" covered="8"/><counter type="COMPLEXITY" missed="0" covered="4"/><counter type="METHOD" missed="0" covered="1"/></method><method name="min" desc="(DDD)D" line="91"><counter type="INSTRUCTION" missed="0" covered="6"/><counter type="LINE" missed="0" covered="1"/><counter type="COMPLEXITY" missed="0" covered="1"/><counter type="METHOD" missed="0" covered="1"/></method><method name="min" desc="(DD)D" line="104"><counter type="INSTRUCTION" missed="0" covered="14"/><counter type="BRANCH" missed="0" covered="4"/><counter type="LINE" missed="0" covered="5"/><counter type="COMPLEXITY" missed="0" covered="3"/><counter type="METHOD" missed="0" covered="1"/></method><method name="min" desc="(FFF)F" line="125"><counter type="INSTRUCTION" missed="0" covered="6"/><counter type="LINE" missed="0" covered="1"/><counter type="COMPLEXITY" missed="0" covered="1"/><counter type="METHOD" missed="0" covered="1"/></method><method name="min" desc="(FF)F" line="138"><counter type="INSTRUCTION" missed="0" covered="14"/><counter type="BRANCH" missed="0" covered="4"/><counter type="LINE" missed="0" covered="5"/><counter type="COMPLEXITY" missed="0" covered="3"/><counter type="METHOD" missed="0" covered="1"/></method><method name="max" desc="([D)D" line="158"><counter type="INSTRUCTION" missed="35" covered="0"/><counter type="BRANCH" missed="6" covered="0"/><counter type="LINE" missed="8" covered="0"/><counter type="COMPLEXITY" missed="4" covered="0"/><counter type="METHOD" missed="1" covered="0"/></method><method name="max" desc="([F)F" line="183"><counter type="INSTRUCTION" missed="0" covered="35"/><counter type="BRANCH" missed="0" covered="6"/><counter type="LINE" missed="0" covered="8"/><counter type="COMPLEXITY" missed="0" covered="4"/><counter type="METHOD" missed="0" covered="1"/></method><method name="max" desc="(DDD)D" line="209"><counter type="INSTRUCTION" missed="0" covered="6"/><counter type="LINE" missed="0" covered="1"/><counter type="COMPLEXITY" missed="0" covered="1"/><counter type="METHOD" missed="0" covered="1"/></method><method name="max" desc="(DD)D" line="222"><counter type="INSTRUCTION" missed="2" covered="12"/><counter type="BRANCH" missed="1" covered="3"/><counter type="LINE" missed="1" covered="4"/><counter type="COMPLEXITY" missed="1" covered="2"/><counter type="METHOD" missed="0" covered="1"/></method><method name="max" desc="(FFF)F" line="243"><counter type="INSTRUCTION" missed="0" covered="6"/><counter type="LINE" missed="0" covered="1"/><counter type="COMPLEXITY" missed="0" covered="1"/><counter type="METHOD" missed="0" covered="1"/></method><method name="max" desc="(FF)F" line="256"><counter type="INSTRUCTION" missed="0" covered="14"/><counter type="BRANCH" missed="0" covered="4"/><counter type="LINE" missed="0" covered="5"/><counter type="COMPLEXITY" missed="0" covered="3"/><counter type="METHOD" missed="0" covered="1"/></method><counter type="INSTRUCTION" missed="37" covered="186"/><counter type="BRANCH" missed="7" covered="33"/><counter type="LINE" missed="9" covered="48"/><counter type="COMPLEXITY" missed="5" covered="28"/><counter type="METHOD" missed="1" covered="12"/><counter type="CLASS" missed="0" covered="1"/></class><class name="JUnit_Assignment/Fraction"><method name="&lt;init&gt;" desc="(II)V" line="72"><counter type="INSTRUCTION" missed="0" covered="18"/><counter type="LINE" missed="0" covered="7"/><counter type="COMPLEXITY" missed="0" covered="1"/><counter type="METHOD" missed="0" covered="1"/></method><method name="getFraction" desc="(II)LJUnit_Assignment/Fraction;" line="108"><counter type="INSTRUCTION" missed="9" covered="23"/><counter type="BRANCH" missed="3" covered="5"/><counter type="LINE" missed="2" covered="6"/><counter type="COMPLEXITY" missed="2" covered="3"/><counter type="METHOD" missed="0" covered="1"/></method><method name="getFraction" desc="(III)LJUnit_Assignment/Fraction;" line="139"><counter type="INSTRUCTION" missed="20" covered="42"/><counter type="BRANCH" missed="5" covered="7"/><counter type="LINE" missed="4" covered="8"/><counter type="COMPLEXITY" missed="5" covered="2"/><counter type="METHOD" missed="0" covered="1"/></method><method name="getReducedFraction" desc="(II)LJUnit_Assignment/Fraction;" line="176"><counter type="INSTRUCTION" missed="31" covered="32"/><counter type="BRANCH" missed="9" covered="5"/><counter type="LINE" missed="6" covered="9"/><counter type="COMPLEXITY" missed="6" covered="2"/><counter type="METHOD" missed="0" covered="1"/></method><method name="getFraction" desc="(D)LJUnit_Assignment/Fraction;" line="216"><counter type="INSTRUCTION" missed="12" covered="135"/><counter type="BRANCH" missed="7" covered="9"/><counter type="LINE" missed="2" covered="38"/><counter type="COMPLEXITY" missed="7" covered="2"/><counter type="METHOD" missed="0" covered="1"/></method><method name="getFraction" desc="(Ljava/lang/String;)LJUnit_Assignment/Fraction;" line="286"><counter type="INSTRUCTION" missed="85" covered="7"/><counter type="BRANCH" missed="9" covered="1"/><counter type="LINE" missed="19" covered="2"/><counter type="COMPLEXITY" missed="5" covered="1"/><counter type="METHOD" missed="0" covered="1"/></method><method name="getNumerator" desc="()I" line="334"><counter type="INSTRUCTION" missed="0" covered="3"/><counter type="LINE" missed="0" covered="1"/><counter type="COMPLEXITY" missed="0" covered="1"/><counter type="METHOD" missed="0" covered="1"/></method><method name="getDenominator" desc="()I" line="343"><counter type="INSTRUCTION" missed="0" covered="3"/><counter type="LINE" missed="0" covered="1"/><counter type="COMPLEXITY" missed="0" covered="1"/><counter type="METHOD" missed="0" covered="1"/></method><method name="getProperNumerator" desc="()I" line="358"><counter type="INSTRUCTION" missed="0" covered="7"/><counter type="LINE" missed="0" covered="1"/><counter type="COMPLEXITY" missed="0" covered="1"/><counter type="METHOD" missed="0" covered="1"/></method><method name="getProperWhole" desc="()I" line="373"><counter type="INSTRUCTION" missed="0" covered="6"/><counter type="LINE" missed="0" covered="1"/><counter type="COMPLEXITY" missed="0" covered="1"/><counter type="METHOD" missed="0" covered="1"/></method><method name="intValue" desc="()I" line="387"><counter type="INSTRUCTION" missed="0" covered="6"/><counter type="LINE" missed="0" covered="1"/><counter type="COMPLEXITY" missed="0" covered="1"/><counter type="METHOD" missed="0" covered="1"/></method><method name="longValue" desc="()J" line="398"><counter type="INSTRUCTION" missed="0" covered="8"/><counter type="LINE" missed="0" covered="1"/><counter type="COMPLEXITY" missed="0" covered="1"/><counter type="METHOD" missed="0" covered="1"/></method><method name="floatValue" desc="()F" line="409"><counter type="INSTRUCTION" missed="0" covered="8"/><counter type="LINE" missed="0" covered="1"/><counter type="COMPLEXITY" missed="0" covered="1"/><counter type="METHOD" missed="0" covered="1"/></method><method name="doubleValue" desc="()D" line="420"><counter type="INSTRUCTION" missed="0" covered="8"/><counter type="LINE" missed="0" covered="1"/><counter type="COMPLEXITY" missed="0" covered="1"/><counter type="METHOD" missed="0" covered="1"/></method><method name="reduce" desc="()LJUnit_Assignment/Fraction;" line="436"><counter type="INSTRUCTION" missed="10" covered="23"/><counter type="BRANCH" missed="4" covered="2"/><counter type="LINE" missed="2" covered="4"/><counter type="COMPLEXITY" missed="3" covered="1"/><counter type="METHOD" missed="0" covered="1"/></method><method name="invert" desc="()LJUnit_Assignment/Fraction;" line="456"><counter type="INSTRUCTION" missed="20" covered="18"/><counter type="BRANCH" missed="3" covered="3"/><counter type="LINE" missed="3" covered="4"/><counter type="COMPLEXITY" missed="3" covered="1"/><counter type="METHOD" missed="0" covered="1"/></method><method name="negate" desc="()LJUnit_Assignment/Fraction;" line="478"><counter type="INSTRUCTION" missed="5" covered="13"/><counter type="BRANCH" missed="1" covered="1"/><counter type="LINE" missed="1" covered="2"/><counter type="COMPLEXITY" missed="1" covered="1"/><counter type="METHOD" missed="0" covered="1"/></method><method name="abs" desc="()LJUnit_Assignment/Fraction;" line="494"><counter type="INSTRUCTION" missed="2" covered="6"/><counter type="BRANCH" missed="1" covered="1"/><counter type="LINE" missed="1" covered="2"/><counter type="COMPLEXITY" missed="1" covered="1"/><counter type="METHOD" missed="0" covered="1"/></method><method name="pow" desc="(I)LJUnit_Assignment/Fraction;" line="513"><counter type="INSTRUCTION" missed="29" covered="23"/><counter type="BRANCH" missed="5" covered="5"/><counter type="LINE" missed="5" covered="7"/><counter type="COMPLEXITY" missed="4" covered="2"/><counter type="METHOD" missed="0" covered="1"/></method><method name="greatestCommonDivisor" desc="(II)I" line="544"><counter type="INSTRUCTION" missed="22" covered="94"/><counter type="BRANCH" missed="10" covered="22"/><counter type="LINE" missed="4" covered="18"/><counter type="COMPLEXITY" missed="8" covered="9"/><counter type="METHOD" missed="0" covered="1"/></method><method name="mulAndCheck" desc="(II)I" line="606"><counter type="INSTRUCTION" missed="0" covered="22"/><counter type="BRANCH" missed="1" covered="3"/><counter type="LINE" missed="0" covered="4"/><counter type="COMPLEXITY" missed="1" covered="2"/><counter type="METHOD" missed="0" covered="1"/></method><method name="mulPosAndCheck" desc="(II)I" line="625"><counter type="INSTRUCTION" missed="0" covered="18"/><counter type="BRANCH" missed="0" covered="2"/><counter type="LINE" missed="0" covered="4"/><counter type="COMPLEXITY" missed="0" covered="2"/><counter type="METHOD" missed="0" covered="1"/></method><method name="addAndCheck" desc="(II)I" line="642"><counter type="INSTRUCTION" missed="22" covered="0"/><counter type="BRANCH" missed="4" covered="0"/><counter type="LINE" missed="4" covered="0"/><counter type="COMPLEXITY" missed="3" covered="0"/><counter type="METHOD" missed="1" covered="0"/></method><method name="subAndCheck" desc="(II)I" line="660"><counter type="INSTRUCTION" missed="22" covered="0"/><counter type="BRANCH" missed="4" covered="0"/><counter type="LINE" missed="4" covered="0"/><counter type="COMPLEXITY" missed="3" covered="0"/><counter type="METHOD" missed="1" covered="0"/></method><method name="add" desc="(LJUnit_Assignment/Fraction;)LJUnit_Assignment/Fraction;" line="679"><counter type="INSTRUCTION" missed="0" covered="5"/><counter type="LINE" missed="0" covered="1"/><counter type="COMPLEXITY" missed="0" covered="1"/><counter type="METHOD" missed="0" covered="1"/></method><method name="subtract" desc="(LJUnit_Assignment/Fraction;)LJUnit_Assignment/Fraction;" line="693"><counter type="INSTRUCTION" missed="0" covered="5"/><counter type="LINE" missed="0" covered="1"/><counter type="COMPLEXITY" missed="0" covered="1"/><counter type="METHOD" missed="0" covered="1"/></method><method name="addSub" desc="(LJUnit_Assignment/Fraction;Z)LJUnit_Assignment/Fraction;" line="707"><counter type="INSTRUCTION" missed="51" covered="89"/><counter type="BRANCH" missed="10" covered="8"/><counter type="LINE" missed="7" covered="13"/><counter type="COMPLEXITY" missed="8" covered="2"/><counter type="METHOD" missed="0" covered="1"/></method><method name="multiplyBy" desc="(LJUnit_Assignment/Fraction;)LJUnit_Assignment/Fraction;" line="763"><counter type="INSTRUCTION" missed="2" covered="45"/><counter type="BRANCH" missed="2" covered="4"/><counter type="LINE" missed="1" covered="6"/><counter type="COMPLEXITY" missed="2" covered="2"/><counter type="METHOD" missed="0" covered="1"/></method><method name="divideBy" desc="(LJUnit_Assignment/Fraction;)LJUnit_Assignment/Fraction;" line="789"><counter type="INSTRUCTION" missed="0" covered="20"/><counter type="BRANCH" missed="0" covered="4"/><counter type="LINE" missed="0" covered="5"/><counter type="COMPLEXITY" missed="0" covered="3"/><counter type="METHOD" missed="0" covered="1"/></method><method name="equals" desc="(Ljava/lang/Object;)Z" line="811"><counter type="INSTRUCTION" missed="3" covered="24"/><counter type="BRANCH" missed="3" covered="5"/><counter type="LINE" missed="1" covered="5"/><counter type="COMPLEXITY" missed="3" covered="2"/><counter type="METHOD" missed="0" covered="1"/></method><method name="hashCode" desc="()I" line="829"><counter type="INSTRUCTION" missed="0" covered="17"/><counter type="BRANCH" missed="1" covered="1"/><counter type="LINE" missed="0" covered="3"/><counter type="COMPLEXITY" missed="1" covered="1"/><counter type="METHOD" missed="0" covered="1"/></method><method name="compareTo" desc="(LJUnit_Assignment/Fraction;)I" line="850"><counter type="INSTRUCTION" missed="17" covered="30"/><counter type="BRANCH" missed="7" covered="3"/><counter type="LINE" missed="5" covered="6"/><counter type="COMPLEXITY" missed="5" covered="1"/><counter type="METHOD" missed="0" covered="1"/></method><method name="toString" desc="()Ljava/lang/String;" line="878"><counter type="INSTRUCTION" missed="21" covered="0"/><counter type="BRANCH" missed="2" covered="0"/><counter type="LINE" missed="3" covered="0"/><counter type="COMPLEXITY" missed="2" covered="0"/><counter type="METHOD" missed="1" covered="0"/></method><method name="toProperString" desc="()Ljava/lang/String;" line="897"><counter type="INSTRUCTION" missed="23" covered="69"/><counter type="BRANCH" missed="4" covered="10"/><counter type="LINE" missed="3" covered="12"/><counter type="COMPLEXITY" missed="4" covered="4"/><counter type="METHOD" missed="0" covered="1"/></method><method name="&lt;clinit&gt;" desc="()V" line="13"><counter type="INSTRUCTION" missed="0" covered="73"/><counter type="LINE" missed="0" covered="12"/><counter type="COMPLEXITY" missed="0" covered="1"/><counter type="METHOD" missed="0" covered="1"/></method><counter type="INSTRUCTION" missed="406" covered="900"/><counter type="BRANCH" missed="95" covered="101"/><counter type="LINE" missed="77" covered="187"/><counter type="COMPLEXITY" missed="77" covered="56"/><counter type="METHOD" missed="3" covered="32"/><counter type="CLASS" missed="0" covered="1"/></class><class name="JUnit_Assignment/NumberUtils"><method name="&lt;init&gt;" desc="()V" line="79"><counter type="INSTRUCTION" missed="3" covered="0"/><counter type="LINE" missed="2" covered="0"/><counter type="COMPLEXITY" missed="1" covered="0"/><counter type="METHOD" missed="1" covered="0"/></method><method name="toInt" desc="(Ljava/lang/String;)I" line="101"><counter type="INSTRUCTION" missed="0" covered="4"/><counter type="LINE" missed="0" covered="1"/><counter type="COMPLEXITY" missed="0" covered="1"/><counter type="METHOD" missed="0" covered="1"/></method><method name="toInt" desc="(Ljava/lang/String;I)I" line="122"><counter type="INSTRUCTION" missed="3" covered="7"/><counter type="BRANCH" missed="0" covered="2"/><counter type="LINE" missed="2" covered="3"/><counter type="COMPLEXITY" missed="0" covered="2"/><counter type="METHOD" missed="0" covered="1"/></method><method name="toLong" desc="(Ljava/lang/String;)J" line="150"><counter type="INSTRUCTION" missed="0" covered="4"/><counter type="LINE" missed="0" covered="1"/><counter type="COMPLEXITY" missed="0" covered="1"/><counter type="METHOD" missed="0" covered="1"/></method><method name="toLong" desc="(Ljava/lang/String;J)J" line="171"><counter type="INSTRUCTION" missed="5" covered="5"/><counter type="BRANCH" missed="1" covered="1"/><counter type="LINE" missed="3" covered="2"/><counter type="COMPLEXITY" missed="1" covered="1"/><counter type="METHOD" missed="0" covered="1"/></method><method name="toFloat" desc="(Ljava/lang/String;)F" line="200"><counter type="INSTRUCTION" missed="0" covered="4"/><counter type="LINE" missed="0" covered="1"/><counter type="COMPLEXITY" missed="0" covered="1"/><counter type="METHOD" missed="0" covered="1"/></method><method name="toFloat" desc="(Ljava/lang/String;F)F" line="223"><counter type="INSTRUCTION" missed="3" covered="7"/><counter type="BRANCH" missed="0" covered="2"/><counter type="LINE" missed="2" covered="3"/><counter type="COMPLEXITY" missed="0" covered="2"/><counter type="METHOD" missed="0" covered="1"/></method><method name="toDouble" desc="(Ljava/lang/String;)D" line="252"><counter type="INSTRUCTION" missed="0" covered="4"/><counter type="LINE" missed="0" covered="1"/><counter type="COMPLEXITY" missed="0" covered="1"/><counter type="METHOD" missed="0" covered="1"/></method><method name="toDouble" desc="(Ljava/lang/String;D)D" line="275"><counter type="INSTRUCTION" missed="3" covered="7"/><counter type="BRANCH" missed="0" covered="2"/><counter type="LINE" missed="2" covered="3"/><counter type="COMPLEXITY" missed="0" covered="2"/><counter type="METHOD" missed="0" covered="1"/></method><method name="toByte" desc="(Ljava/lang/String;)B" line="304"><counter type="INSTRUCTION" missed="4" covered="0"/><counter type="LINE" missed="1" covered="0"/><counter type="COMPLEXITY" missed="1" covered="0"/><counter type="METHOD" missed="1" covered="0"/></method><method name="toByte" desc="(Ljava/lang/String;B)B" line="325"><counter type="INSTRUCTION" missed="10" covered="0"/><counter type="BRANCH" missed="2" covered="0"/><counter type="LINE" missed="5" covered="0"/><counter type="COMPLEXITY" missed="2" covered="0"/><counter type="METHOD" missed="1" covered="0"/></method><method name="toShort" desc="(Ljava/lang/String;)S" line="353"><counter type="INSTRUCTION" missed="4" covered="0"/><counter type="LINE" missed="1" covered="0"/><counter type="COMPLEXITY" missed="1" covered="0"/><counter type="METHOD" missed="1" covered="0"/></method><method name="toShort" desc="(Ljava/lang/String;S)S" line="374"><counter type="INSTRUCTION" missed="10" covered="0"/><counter type="BRANCH" missed="2" covered="0"/><counter type="LINE" missed="5" covered="0"/><counter type="COMPLEXITY" missed="2" covered="0"/><counter type="METHOD" missed="1" covered="0"/></method><method name="createNumber" desc="(Ljava/lang/String;)Ljava/lang/Number;" line="452"><counter type="INSTRUCTION" missed="432" covered="10"/><counter type="BRANCH" missed="102" covered="2"/><counter type="LINE" missed="85" covered="3"/><counter type="COMPLEXITY" missed="53" covered="1"/><counter type="METHOD" missed="0" covered="1"/></method><method name="isAllZeros" desc="(Ljava/lang/String;)Z" line="635"><counter type="INSTRUCTION" missed="27" covered="0"/><counter type="BRANCH" missed="8" covered="0"/><counter type="LINE" missed="6" covered="0"/><counter type="COMPLEXITY" missed="5" covered="0"/><counter type="METHOD" missed="1" covered="0"/></method><method name="createFloat" desc="(Ljava/lang/String;)Ljava/lang/Float;" line="657"><counter type="INSTRUCTION" missed="7" covered="0"/><counter type="BRANCH" missed="2" covered="0"/><counter type="LINE" missed="3" covered="0"/><counter type="COMPLEXITY" missed="2" covered="0"/><counter type="METHOD" missed="1" covered="0"/></method><method name="createDouble" desc="(Ljava/lang/String;)Ljava/lang/Double;" line="673"><counter type="INSTRUCTION" missed="7" covered="0"/><counter type="BRANCH" missed="2" covered="0"/><counter type="LINE" missed="3" covered="0"/><counter type="COMPLEXITY" missed="2" covered="0"/><counter type="METHOD" missed="1" covered="0"/></method><method name="createInteger" desc="(Ljava/lang/String;)Ljava/lang/Integer;" line="691"><counter type="INSTRUCTION" missed="7" covered="0"/><counter type="BRANCH" missed="2" covered="0"/><counter type="LINE" missed="3" covered="0"/><counter type="COMPLEXITY" missed="2" covered="0"/><counter type="METHOD" missed="1" covered="0"/></method><method name="createLong" desc="(Ljava/lang/String;)Ljava/lang/Long;" line="710"><counter type="INSTRUCTION" missed="7" covered="0"/><counter type="BRANCH" missed="2" covered="0"/><counter type="LINE" missed="3" covered="0"/><counter type="COMPLEXITY" missed="2" covered="0"/><counter type="METHOD" missed="1" covered="0"/></method><method name="createBigInteger" desc="(Ljava/lang/String;)Ljava/math/BigInteger;" line="727"><counter type="INSTRUCTION" missed="70" covered="0"/><counter type="BRANCH" missed="16" covered="0"/><counter type="LINE" missed="19" covered="0"/><counter type="COMPLEXITY" missed="9" covered="0"/><counter type="METHOD" missed="1" covered="0"/></method><method name="createBigDecimal" desc="(Ljava/lang/String;)Ljava/math/BigDecimal;" line="762"><counter type="INSTRUCTION" missed="34" covered="0"/><counter type="BRANCH" missed="6" covered="0"/><counter type="LINE" missed="7" covered="0"/><counter type="COMPLEXITY" missed="4" covered="0"/><counter type="METHOD" missed="1" covered="0"/></method><method name="min" desc="([J)J" line="791"><counter type="INSTRUCTION" missed="26" covered="0"/><counter type="BRANCH" missed="4" covered="0"/><counter type="LINE" missed="6" covered="0"/><counter type="COMPLEXITY" missed="3" covered="0"/><counter type="METHOD" missed="1" covered="0"/></method><method name="min" desc="([I)I" line="814"><counter type="INSTRUCTION" missed="25" covered="0"/><counter type="BRANCH" missed="4" covered="0"/><counter type="LINE" missed="6" covered="0"/><counter type="COMPLEXITY" missed="3" covered="0"/><counter type="METHOD" missed="1" covered="0"/></method><method name="min" desc="([S)S" line="837"><counter type="INSTRUCTION" missed="25" covered="0"/><counter type="BRANCH" missed="4" covered="0"/><counter type="LINE" missed="6" covered="0"/><counter type="COMPLEXITY" missed="3" covered="0"/><counter type="METHOD" missed="1" covered="0"/></method><method name="min" desc="([B)B" line="860"><counter type="INSTRUCTION" missed="25" covered="0"/><counter type="BRANCH" missed="4" covered="0"/><counter type="LINE" missed="6" covered="0"/><counter type="COMPLEXITY" missed="3" covered="0"/><counter type="METHOD" missed="1" covered="0"/></method><method name="min" desc="([D)D" line="884"><counter type="INSTRUCTION" missed="33" covered="0"/><counter type="BRANCH" missed="6" covered="0"/><counter type="LINE" missed="8" covered="0"/><counter type="COMPLEXITY" missed="4" covered="0"/><counter type="METHOD" missed="1" covered="0"/></method><method name="min" desc="([F)F" line="911"><counter type="INSTRUCTION" missed="33" covered="0"/><counter type="BRANCH" missed="6" covered="0"/><counter type="LINE" missed="8" covered="0"/><counter type="COMPLEXITY" missed="4" covered="0"/><counter type="METHOD" missed="1" covered="0"/></method><method name="max" desc="([J)J" line="939"><counter type="INSTRUCTION" missed="26" covered="0"/><counter type="BRANCH" missed="4" covered="0"/><counter type="LINE" missed="6" covered="0"/><counter type="COMPLEXITY" missed="3" covered="0"/><counter type="METHOD" missed="1" covered="0"/></method><method name="max" desc="([I)I" line="962"><counter type="INSTRUCTION" missed="25" covered="0"/><counter type="BRANCH" missed="4" covered="0"/><counter type="LINE" missed="6" covered="0"/><counter type="COMPLEXITY" missed="3" covered="0"/><counter type="METHOD" missed="1" covered="0"/></method><method name="max" desc="([S)S" line="985"><counter type="INSTRUCTION" missed="25" covered="0"/><counter type="BRANCH" missed="4" covered="0"/><counter type="LINE" missed="6" covered="0"/><counter type="COMPLEXITY" missed="3" covered="0"/><counter type="METHOD" missed="1" covered="0"/></method><method name="max" desc="([B)B" line="1008"><counter type="INSTRUCTION" missed="25" covered="0"/><counter type="BRANCH" missed="4" covered="0"/><counter type="LINE" missed="6" covered="0"/><counter type="COMPLEXITY" missed="3" covered="0"/><counter type="METHOD" missed="1" covered="0"/></method><method name="max" desc="([D)D" line="1032"><counter type="INSTRUCTION" missed="33" covered="0"/><counter type="BRANCH" missed="6" covered="0"/><counter type="LINE" missed="8" covered="0"/><counter type="COMPLEXITY" missed="4" covered="0"/><counter type="METHOD" missed="1" covered="0"/></method><method name="max" desc="([F)F" line="1059"><counter type="INSTRUCTION" missed="33" covered="0"/><counter type="BRANCH" missed="6" covered="0"/><counter type="LINE" missed="8" covered="0"/><counter type="COMPLEXITY" missed="4" covered="0"/><counter type="METHOD" missed="1" covered="0"/></method><method name="validateArray" desc="(Ljava/lang/Object;)V" line="1082"><counter type="INSTRUCTION" missed="1" covered="15"/><counter type="BRANCH" missed="1" covered="3"/><counter type="LINE" missed="1" covered="4"/><counter type="COMPLEXITY" missed="1" covered="2"/><counter type="METHOD" missed="0" covered="1"/></method><method name="min" desc="(JJJ)J" line="1100"><counter type="INSTRUCTION" missed="14" covered="0"/><counter type="BRANCH" missed="4" covered="0"/><counter type="LINE" missed="5" covered="0"/><counter type="COMPLEXITY" missed="3" covered="0"/><counter type="METHOD" missed="1" covered="0"/></method><method name="min" desc="(III)I" line="1118"><counter type="INSTRUCTION" missed="12" covered="0"/><counter type="BRANCH" missed="4" covered="0"/><counter type="LINE" missed="5" covered="0"/><counter type="COMPLEXITY" missed="3" covered="0"/><counter type="METHOD" missed="1" covered="0"/></method><method name="min" desc="(SSS)S" line="1136"><counter type="INSTRUCTION" missed="12" covered="0"/><counter type="BRANCH" missed="4" covered="0"/><counter type="LINE" missed="5" covered="0"/><counter type="COMPLEXITY" missed="3" covered="0"/><counter type="METHOD" missed="1" covered="0"/></method><method name="min" desc="(BBB)B" line="1154"><counter type="INSTRUCTION" missed="12" covered="0"/><counter type="BRANCH" missed="4" covered="0"/><counter type="LINE" missed="5" covered="0"/><counter type="COMPLEXITY" missed="3" covered="0"/><counter type="METHOD" missed="1" covered="0"/></method><method name="min" desc="(DDD)D" line="1176"><counter type="INSTRUCTION" missed="6" covered="0"/><counter type="LINE" missed="1" covered="0"/><counter type="COMPLEXITY" missed="1" covered="0"/><counter type="METHOD" missed="1" covered="0"/></method><method name="min" desc="(FFF)F" line="1192"><counter type="INSTRUCTION" missed="6" covered="0"/><counter type="LINE" missed="1" covered="0"/><counter type="COMPLEXITY" missed="1" covered="0"/><counter type="METHOD" missed="1" covered="0"/></method><method name="max" desc="(JJJ)J" line="1206"><counter type="INSTRUCTION" missed="14" covered="0"/><counter type="BRANCH" missed="4" covered="0"/><counter type="LINE" missed="5" covered="0"/><counter type="COMPLEXITY" missed="3" covered="0"/><counter type="METHOD" missed="1" covered="0"/></method><method name="max" desc="(III)I" line="1224"><counter type="INSTRUCTION" missed="12" covered="0"/><counter type="BRANCH" missed="4" covered="0"/><counter type="LINE" missed="5" covered="0"/><counter type="COMPLEXITY" missed="3" covered="0"/><counter type="METHOD" missed="1" covered="0"/></method><method name="max" desc="(SSS)S" line="1242"><counter type="INSTRUCTION" missed="12" covered="0"/><counter type="BRANCH" missed="4" covered="0"/><counter type="LINE" missed="5" covered="0"/><counter type="COMPLEXITY" missed="3" covered="0"/><counter type="METHOD" missed="1" covered="0"/></method><method name="max" desc="(BBB)B" line="1260"><counter type="INSTRUCTION" missed="12" covered="0"/><counter type="BRANCH" missed="4" covered="0"/><counter type="LINE" missed="5" covered="0"/><counter type="COMPLEXITY" missed="3" covered="0"/><counter type="METHOD" missed="1" covered="0"/></method><method name="max" desc="(DDD)D" line="1282"><counter type="INSTRUCTION" missed="6" covered="0"/><counter type="LINE" missed="1" covered="0"/><counter type="COMPLEXITY" missed="1" covered="0"/><counter type="METHOD" missed="1" covered="0"/></method><method name="max" desc="(FFF)F" line="1298"><counter type="INSTRUCTION" missed="6" covered="0"/><counter type="LINE" missed="1" covered="0"/><counter type="COMPLEXITY" missed="1" covered="0"/><counter type="METHOD" missed="1" covered="0"/></method><method name="isDigits" desc="(Ljava/lang/String;)Z" line="1313"><counter type="INSTRUCTION" missed="22" covered="0"/><counter type="BRANCH" missed="6" covered="0"/><counter type="LINE" missed="6" covered="0"/><counter type="COMPLEXITY" missed="4" covered="0"/><counter type="METHOD" missed="1" covered="0"/></method><method name="isNumber" desc="(Ljava/lang/String;)Z" line="1339"><counter type="INSTRUCTION" missed="317" covered="0"/><counter type="BRANCH" missed="108" covered="0"/><counter type="LINE" missed="63" covered="0"/><counter type="COMPLEXITY" missed="55" covered="0"/><counter type="METHOD" missed="1" covered="0"/></method><method name="&lt;clinit&gt;" desc="()V" line="35"><counter type="INSTRUCTION" missed="0" covered="55"/><counter type="LINE" missed="0" covered="18"/><counter type="COMPLEXITY" missed="0" covered="1"/><counter type="METHOD" missed="0" covered="1"/></method><counter type="INSTRUCTION" missed="1434" covered="122"/><counter type="BRANCH" missed="348" covered="12"/><counter type="LINE" missed="346" covered="40"/><counter type="COMPLEXITY" missed="215" covered="15"/><counter type="METHOD" missed="38" covered="11"/><counter type="CLASS" missed="0" covered="1"/></class><sourcefile name="NumberUtils.java"><line nr="35" mi="0" ci="3" mb="0" cb="0"/><line nr="37" mi="0" ci="3" mb="0" cb="0"/><line nr="39" mi="0" ci="3" mb="0" cb="0"/><line nr="41" mi="0" ci="3" mb="0" cb="0"/><line nr="43" mi="0" ci="3" mb="0" cb="0"/><line nr="45" mi="0" ci="3" mb="0" cb="0"/><line nr="47" mi="0" ci="3" mb="0" cb="0"/><line nr="49" mi="0" ci="3" mb="0" cb="0"/><line nr="51" mi="0" ci="3" mb="0" cb="0"/><line nr="53" mi="0" ci="3" mb="0" cb="0"/><line nr="55" mi="0" ci="3" mb="0" cb="0"/><line nr="57" mi="0" ci="3" mb="0" cb="0"/><line nr="59" mi="0" ci="3" mb="0" cb="0"/><line nr="61" mi="0" ci="3" mb="0" cb="0"/><line nr="63" mi="0" ci="3" mb="0" cb="0"/><line nr="65" mi="0" ci="3" mb="0" cb="0"/><line nr="67" mi="0" ci="3" mb="0" cb="0"/><line nr="69" mi="0" ci="4" mb="0" cb="0"/><line nr="79" mi="2" ci="0" mb="0" cb="0"/><line nr="80" mi="1" ci="0" mb="0" cb="0"/><line nr="101" mi="0" ci="4" mb="0" cb="0"/><line nr="122" mi="0" ci="2" mb="0" cb="2"/><line nr="123" mi="0" ci="2" mb="0" cb="0"/><line nr="126" mi="0" ci="3" mb="0" cb="0"/><line nr="127" mi="1" ci="0" mb="0" cb="0"/><line nr="128" mi="2" ci="0" mb="0" cb="0"/><line nr="150" mi="0" ci="4" mb="0" cb="0"/><line nr="171" mi="0" ci="2" mb="1" cb="1"/><line nr="172" mi="2" ci="0" mb="0" cb="0"/><line nr="175" mi="0" ci="3" mb="0" cb="0"/><line nr="176" mi="1" ci="0" mb="0" cb="0"/><line nr="177" mi="2" ci="0" mb="0" cb="0"/><line nr="200" mi="0" ci="4" mb="0" cb="0"/><line nr="223" mi="0" ci="2" mb="0" cb="2"/><line nr="224" mi="0" ci="2" mb="0" cb="0"/><line nr="227" mi="0" ci="3" mb="0" cb="0"/><line nr="228" mi="1" ci="0" mb="0" cb="0"/><line nr="229" mi="2" ci="0" mb="0" cb="0"/><line nr="252" mi="0" ci="4" mb="0" cb="0"/><line nr="275" mi="0" ci="2" mb="0" cb="2"/><line nr="276" mi="0" ci="2" mb="0" cb="0"/><line nr="279" mi="0" ci="3" mb="0" cb="0"/><line nr="280" mi="1" ci="0" mb="0" cb="0"/><line nr="281" mi="2" ci="0" mb="0" cb="0"/><line nr="304" mi="4" ci="0" mb="0" cb="0"/><line nr="325" mi="2" ci="0" mb="2" cb="0"/><line nr="326" mi="2" ci="0" mb="0" cb="0"/><line nr="329" mi="3" ci="0" mb="0" cb="0"/><line nr="330" mi="1" ci="0" mb="0" cb="0"/><line nr="331" mi="2" ci="0" mb="0" cb="0"/><line nr="353" mi="4" ci="0" mb="0" cb="0"/><line nr="374" mi="2" ci="0" mb="2" cb="0"/><line nr="375" mi="2" ci="0" mb="0" cb="0"/><line nr="378" mi="3" ci="0" mb="0" cb="0"/><line nr="379" mi="1" ci="0" mb="0" cb="0"/><line nr="380" mi="2" ci="0" mb="0" cb="0"/><line nr="452" mi="0" ci="2" mb="1" cb="1"/><line nr="453" mi="2" ci="0" mb="0" cb="0"/><line nr="455" mi="0" ci="3" mb="1" cb="1"/><line nr="456" mi="0" ci="5" mb="0" cb="0"/><line nr="459" mi="27" ci="0" mb="0" cb="0"/><line nr="460" mi="2" ci="0" mb="0" cb="0"/><line nr="461" mi="16" ci="0" mb="2" cb="0"/><line nr="462" mi="4" ci="0" mb="2" cb="0"/><line nr="463" mi="5" ci="0" mb="0" cb="0"/><line nr="464" mi="1" ci="0" mb="0" cb="0"/><line nr="467" mi="2" ci="0" mb="2" cb="0"/><line nr="468" mi="2" ci="0" mb="0" cb="0"/><line nr="469" mi="8" ci="0" mb="2" cb="0"/><line nr="470" mi="4" ci="0" mb="0" cb="0"/><line nr="471" mi="3" ci="0" mb="2" cb="0"/><line nr="472" mi="1" ci="0" mb="0" cb="0"/><line nr="477" mi="5" ci="0" mb="0" cb="0"/><line nr="478" mi="9" ci="0" mb="6" cb="0"/><line nr="479" mi="3" ci="0" mb="0" cb="0"/><line nr="481" mi="9" ci="0" mb="6" cb="0"/><line nr="482" mi="3" ci="0" mb="0" cb="0"/><line nr="484" mi="3" ci="0" mb="0" cb="0"/><line nr="486" mi="7" ci="0" mb="0" cb="0"/><line nr="490" mi="4" ci="0" mb="0" cb="0"/><line nr="491" mi="10" ci="0" mb="0" cb="0"/><line nr="495" mi="2" ci="0" mb="0" cb="0"/><line nr="496" mi="3" ci="0" mb="2" cb="0"/><line nr="498" mi="3" ci="0" mb="2" cb="0"/><line nr="499" mi="7" ci="0" mb="4" cb="0"/><line nr="500" mi="12" ci="0" mb="0" cb="0"/><line nr="502" mi="8" ci="0" mb="0" cb="0"/><line nr="504" mi="6" ci="0" mb="0" cb="0"/><line nr="506" mi="5" ci="0" mb="0" cb="0"/><line nr="507" mi="4" ci="0" mb="0" cb="0"/><line nr="509" mi="3" ci="0" mb="2" cb="0"/><line nr="510" mi="4" ci="0" mb="2" cb="0"/><line nr="511" mi="12" ci="0" mb="0" cb="0"/><line nr="513" mi="6" ci="0" mb="0" cb="0"/><line nr="515" mi="2" ci="0" mb="0" cb="0"/><line nr="517" mi="2" ci="0" mb="0" cb="0"/><line nr="519" mi="6" ci="0" mb="4" cb="0"/><line nr="520" mi="9" ci="0" mb="4" cb="0"/><line nr="521" mi="11" ci="0" mb="0" cb="0"/><line nr="523" mi="2" ci="0" mb="0" cb="0"/><line nr="526" mi="8" ci="0" mb="0" cb="0"/><line nr="527" mi="10" ci="0" mb="4" cb="0"/><line nr="528" mi="2" ci="0" mb="4" cb="0"/><line nr="531" mi="17" ci="0" mb="10" cb="0"/><line nr="535" mi="3" ci="0" mb="0" cb="0"/><line nr="536" mi="1" ci="0" mb="0" cb="0"/><line nr="539" mi="3" ci="0" mb="0" cb="0"/><line nr="542" mi="12" ci="0" mb="0" cb="0"/><line nr="546" mi="3" ci="0" mb="0" cb="0"/><line nr="547" mi="10" ci="0" mb="6" cb="0"/><line nr="550" mi="2" ci="0" mb="0" cb="0"/><line nr="553" mi="1" ci="0" mb="0" cb="0"/><line nr="555" mi="1" ci="0" mb="0" cb="0"/><line nr="560" mi="3" ci="0" mb="0" cb="0"/><line nr="561" mi="11" ci="0" mb="6" cb="0"/><line nr="562" mi="2" ci="0" mb="0" cb="0"/><line nr="564" mi="1" ci="0" mb="0" cb="0"/><line nr="566" mi="1" ci="0" mb="0" cb="0"/><line nr="568" mi="3" ci="0" mb="0" cb="0"/><line nr="569" mi="1" ci="0" mb="0" cb="0"/><line nr="574" mi="12" ci="0" mb="0" cb="0"/><line nr="580" mi="9" ci="0" mb="4" cb="0"/><line nr="581" mi="9" ci="0" mb="0" cb="0"/><line nr="583" mi="2" ci="0" mb="0" cb="0"/><line nr="585" mi="4" ci="0" mb="4" cb="0"/><line nr="588" mi="3" ci="0" mb="0" cb="0"/><line nr="589" mi="1" ci="0" mb="0" cb="0"/><line nr="593" mi="3" ci="0" mb="0" cb="0"/><line nr="594" mi="1" ci="0" mb="0" cb="0"/><line nr="597" mi="3" ci="0" mb="0" cb="0"/><line nr="601" mi="10" ci="0" mb="4" cb="0"/><line nr="603" mi="3" ci="0" mb="2" cb="0"/><line nr="604" mi="3" ci="0" mb="0" cb="0"/><line nr="605" mi="10" ci="0" mb="6" cb="0"/><line nr="606" mi="2" ci="0" mb="0" cb="0"/><line nr="609" mi="1" ci="0" mb="0" cb="0"/><line nr="611" mi="1" ci="0" mb="0" cb="0"/><line nr="613" mi="3" ci="0" mb="2" cb="0"/><line nr="614" mi="3" ci="0" mb="0" cb="0"/><line nr="615" mi="10" ci="0" mb="6" cb="0"/><line nr="616" mi="2" ci="0" mb="0" cb="0"/><line nr="619" mi="1" ci="0" mb="0" cb="0"/><line nr="621" mi="1" ci="0" mb="0" cb="0"/><line nr="623" mi="3" ci="0" mb="0" cb="0"/><line nr="635" mi="2" ci="0" mb="2" cb="0"/><line nr="636" mi="2" ci="0" mb="0" cb="0"/><line nr="638" mi="9" ci="0" mb="2" cb="0"/><line nr="639" mi="5" ci="0" mb="2" cb="0"/><line nr="640" mi="2" ci="0" mb="0" cb="0"/><line nr="643" mi="7" ci="0" mb="2" cb="0"/><line nr="657" mi="2" ci="0" mb="2" cb="0"/><line nr="658" mi="2" ci="0" mb="0" cb="0"/><line nr="660" mi="3" ci="0" mb="0" cb="0"/><line nr="673" mi="2" ci="0" mb="2" cb="0"/><line nr="674" mi="2" ci="0" mb="0" cb="0"/><line nr="676" mi="3" ci="0" mb="0" cb="0"/><line nr="691" mi="2" ci="0" mb="2" cb="0"/><line nr="692" mi="2" ci="0" mb="0" cb="0"/><line nr="695" mi="3" ci="0" mb="0" cb="0"/><line nr="710" mi="2" ci="0" mb="2" cb="0"/><line nr="711" mi="2" ci="0" mb="0" cb="0"/><line nr="713" mi="3" ci="0" mb="0" cb="0"/><line nr="727" mi="2" ci="0" mb="2" cb="0"/><line nr="728" mi="2" ci="0" mb="0" cb="0"/><line nr="730" mi="2" ci="0" mb="0" cb="0"/><line nr="731" mi="2" ci="0" mb="0" cb="0"/><line nr="732" mi="2" ci="0" mb="0" cb="0"/><line nr="733" mi="4" ci="0" mb="2" cb="0"/><line nr="734" mi="2" ci="0" mb="0" cb="0"/><line nr="735" mi="2" ci="0" mb="0" cb="0"/><line nr="737" mi="10" ci="0" mb="4" cb="0"/><line nr="738" mi="2" ci="0" mb="0" cb="0"/><line nr="739" mi="2" ci="0" mb="0" cb="0"/><line nr="740" mi="5" ci="0" mb="2" cb="0"/><line nr="741" mi="2" ci="0" mb="0" cb="0"/><line nr="742" mi="2" ci="0" mb="0" cb="0"/><line nr="743" mi="11" ci="0" mb="4" cb="0"/><line nr="744" mi="2" ci="0" mb="0" cb="0"/><line nr="745" mi="1" ci="0" mb="0" cb="0"/><line nr="748" mi="8" ci="0" mb="0" cb="0"/><line nr="749" mi="7" ci="0" mb="2" cb="0"/><line nr="762" mi="2" ci="0" mb="2" cb="0"/><line nr="763" mi="2" ci="0" mb="0" cb="0"/><line nr="766" mi="3" ci="0" mb="2" cb="0"/><line nr="767" mi="5" ci="0" mb="0" cb="0"/><line nr="769" mi="5" ci="0" mb="2" cb="0"/><line nr="774" mi="12" ci="0" mb="0" cb="0"/><line nr="776" mi="5" ci="0" mb="0" cb="0"/><line nr="791" mi="2" ci="0" mb="0" cb="0"/><line nr="794" mi="4" ci="0" mb="0" cb="0"/><line nr="795" mi="8" ci="0" mb="2" cb="0"/><line nr="796" mi="6" ci="0" mb="2" cb="0"/><line nr="797" mi="4" ci="0" mb="0" cb="0"/><line nr="801" mi="2" ci="0" mb="0" cb="0"/><line nr="814" mi="2" ci="0" mb="0" cb="0"/><line nr="817" mi="4" ci="0" mb="0" cb="0"/><line nr="818" mi="8" ci="0" mb="2" cb="0"/><line nr="819" mi="5" ci="0" mb="2" cb="0"/><line nr="820" mi="4" ci="0" mb="0" cb="0"/><line nr="824" mi="2" ci="0" mb="0" cb="0"/><line nr="837" mi="2" ci="0" mb="0" cb="0"/><line nr="840" mi="4" ci="0" mb="0" cb="0"/><line nr="841" mi="8" ci="0" mb="2" cb="0"/><line nr="842" mi="5" ci="0" mb="2" cb="0"/><line nr="843" mi="4" ci="0" mb="0" cb="0"/><line nr="847" mi="2" ci="0" mb="0" cb="0"/><line nr="860" mi="2" ci="0" mb="0" cb="0"/><line nr="863" mi="4" ci="0" mb="0" cb="0"/><line nr="864" mi="8" ci="0" mb="2" cb="0"/><line nr="865" mi="5" ci="0" mb="2" cb="0"/><line nr="866" mi="4" ci="0" mb="0" cb="0"/><line nr="870" mi="2" ci="0" mb="0" cb="0"/><line nr="884" mi="2" ci="0" mb="0" cb="0"/><line nr="887" mi="4" ci="0" mb="0" cb="0"/><line nr="888" mi="8" ci="0" mb="2" cb="0"/><line nr="889" mi="5" ci="0" mb="2" cb="0"/><line nr="890" mi="2" ci="0" mb="0" cb="0"/><line nr="892" mi="6" ci="0" mb="2" cb="0"/><line nr="893" mi="4" ci="0" mb="0" cb="0"/><line nr="897" mi="2" ci="0" mb="0" cb="0"/><line nr="911" mi="2" ci="0" mb="0" cb="0"/><line nr="914" mi="4" ci="0" mb="0" cb="0"/><line nr="915" mi="8" ci="0" mb="2" cb="0"/><line nr="916" mi="5" ci="0" mb="2" cb="0"/><line nr="917" mi="2" ci="0" mb="0" cb="0"/><line nr="919" mi="6" ci="0" mb="2" cb="0"/><line nr="920" mi="4" ci="0" mb="0" cb="0"/><line nr="924" mi="2" ci="0" mb="0" cb="0"/><line nr="939" mi="2" ci="0" mb="0" cb="0"/><line nr="942" mi="4" ci="0" mb="0" cb="0"/><line nr="943" mi="8" ci="0" mb="2" cb="0"/><line nr="944" mi="6" ci="0" mb="2" cb="0"/><line nr="945" mi="4" ci="0" mb="0" cb="0"/><line nr="949" mi="2" ci="0" mb="0" cb="0"/><line nr="962" mi="2" ci="0" mb="0" cb="0"/><line nr="965" mi="4" ci="0" mb="0" cb="0"/><line nr="966" mi="8" ci="0" mb="2" cb="0"/><line nr="967" mi="5" ci="0" mb="2" cb="0"/><line nr="968" mi="4" ci="0" mb="0" cb="0"/><line nr="972" mi="2" ci="0" mb="0" cb="0"/><line nr="985" mi="2" ci="0" mb="0" cb="0"/><line nr="988" mi="4" ci="0" mb="0" cb="0"/><line nr="989" mi="8" ci="0" mb="2" cb="0"/><line nr="990" mi="5" ci="0" mb="2" cb="0"/><line nr="991" mi="4" ci="0" mb="0" cb="0"/><line nr="995" mi="2" ci="0" mb="0" cb="0"/><line nr="1008" mi="2" ci="0" mb="0" cb="0"/><line nr="1011" mi="4" ci="0" mb="0" cb="0"/><line nr="1012" mi="8" ci="0" mb="2" cb="0"/><line nr="1013" mi="5" ci="0" mb="2" cb="0"/><line nr="1014" mi="4" ci="0" mb="0" cb="0"/><line nr="1018" mi="2" ci="0" mb="0" cb="0"/><line nr="1032" mi="2" ci="0" mb="0" cb="0"/><line nr="1035" mi="4" ci="0" mb="0" cb="0"/><line nr="1036" mi="8" ci="0" mb="2" cb="0"/><line nr="1037" mi="5" ci="0" mb="2" cb="0"/><line nr="1038" mi="2" ci="0" mb="0" cb="0"/><line nr="1040" mi="6" ci="0" mb="2" cb="0"/><line nr="1041" mi="4" ci="0" mb="0" cb="0"/><line nr="1045" mi="2" ci="0" mb="0" cb="0"/><line nr="1059" mi="2" ci="0" mb="0" cb="0"/><line nr="1062" mi="4" ci="0" mb="0" cb="0"/><line nr="1063" mi="8" ci="0" mb="2" cb="0"/><line nr="1064" mi="5" ci="0" mb="2" cb="0"/><line nr="1065" mi="2" ci="0" mb="0" cb="0"/><line nr="1067" mi="6" ci="0" mb="2" cb="0"/><line nr="1068" mi="4" ci="0" mb="0" cb="0"/><line nr="1072" mi="2" ci="0" mb="0" cb="0"/><line nr="1082" mi="0" ci="2" mb="0" cb="2"/><line nr="1083" mi="0" ci="5" mb="0" cb="0"/><line nr="1084" mi="0" ci="3" mb="1" cb="1"/><line nr="1085" mi="0" ci="5" mb="0" cb="0"/><line nr="1087" mi="1" ci="0" mb="0" cb="0"/><line nr="1100" mi="4" ci="0" mb="2" cb="0"/><line nr="1101" mi="2" ci="0" mb="0" cb="0"/><line nr="1103" mi="4" ci="0" mb="2" cb="0"/><line nr="1104" mi="2" ci="0" mb="0" cb="0"/><line nr="1106" mi="2" ci="0" mb="0" cb="0"/><line nr="1118" mi="3" ci="0" mb="2" cb="0"/><line nr="1119" mi="2" ci="0" mb="0" cb="0"/><line nr="1121" mi="3" ci="0" mb="2" cb="0"/><line nr="1122" mi="2" ci="0" mb="0" cb="0"/><line nr="1124" mi="2" ci="0" mb="0" cb="0"/><line nr="1136" mi="3" ci="0" mb="2" cb="0"/><line nr="1137" mi="2" ci="0" mb="0" cb="0"/><line nr="1139" mi="3" ci="0" mb="2" cb="0"/><line nr="1140" mi="2" ci="0" mb="0" cb="0"/><line nr="1142" mi="2" ci="0" mb="0" cb="0"/><line nr="1154" mi="3" ci="0" mb="2" cb="0"/><line nr="1155" mi="2" ci="0" mb="0" cb="0"/><line nr="1157" mi="3" ci="0" mb="2" cb="0"/><line nr="1158" mi="2" ci="0" mb="0" cb="0"/><line nr="1160" mi="2" ci="0" mb="0" cb="0"/><line nr="1176" mi="6" ci="0" mb="0" cb="0"/><line nr="1192" mi="6" ci="0" mb="0" cb="0"/><line nr="1206" mi="4" ci="0" mb="2" cb="0"/><line nr="1207" mi="2" ci="0" mb="0" cb="0"/><line nr="1209" mi="4" ci="0" mb="2" cb="0"/><line nr="1210" mi="2" ci="0" mb="0" cb="0"/><line nr="1212" mi="2" ci="0" mb="0" cb="0"/><line nr="1224" mi="3" ci="0" mb="2" cb="0"/><line nr="1225" mi="2" ci="0" mb="0" cb="0"/><line nr="1227" mi="3" ci="0" mb="2" cb="0"/><line nr="1228" mi="2" ci="0" mb="0" cb="0"/><line nr="1230" mi="2" ci="0" mb="0" cb="0"/><line nr="1242" mi="3" ci="0" mb="2" cb="0"/><line nr="1243" mi="2" ci="0" mb="0" cb="0"/><line nr="1245" mi="3" ci="0" mb="2" cb="0"/><line nr="1246" mi="2" ci="0" mb="0" cb="0"/><line nr="1248" mi="2" ci="0" mb="0" cb="0"/><line nr="1260" mi="3" ci="0" mb="2" cb="0"/><line nr="1261" mi="2" ci="0" mb="0" cb="0"/><line nr="1263" mi="3" ci="0" mb="2" cb="0"/><line nr="1264" mi="2" ci="0" mb="0" cb="0"/><line nr="1266" mi="2" ci="0" mb="0" cb="0"/><line nr="1282" mi="6" ci="0" mb="0" cb="0"/><line nr="1298" mi="6" ci="0" mb="0" cb="0"/><line nr="1313" mi="3" ci="0" mb="2" cb="0"/><line nr="1314" mi="2" ci="0" mb="0" cb="0"/><line nr="1316" mi="8" ci="0" mb="2" cb="0"/><line nr="1317" mi="5" ci="0" mb="2" cb="0"/><line nr="1318" mi="2" ci="0" mb="0" cb="0"/><line nr="1321" mi="2" ci="0" mb="0" cb="0"/><line nr="1339" mi="3" ci="0" mb="2" cb="0"/><line nr="1340" mi="2" ci="0" mb="0" cb="0"/><line nr="1342" mi="3" ci="0" mb="0" cb="0"/><line nr="1343" mi="3" ci="0" mb="0" cb="0"/><line nr="1344" mi="2" ci="0" mb="0" cb="0"/><line nr="1345" mi="2" ci="0" mb="0" cb="0"/><line nr="1346" mi="2" ci="0" mb="0" cb="0"/><line nr="1347" mi="2" ci="0" mb="0" cb="0"/><line nr="1349" mi="9" ci="0" mb="2" cb="0"/><line nr="1350" mi="10" ci="0" mb="4" cb="0"/><line nr="1351" mi="14" ci="0" mb="4" cb="0"/><line nr="1355" mi="4" ci="0" mb="0" cb="0"/><line nr="1356" mi="3" ci="0" mb="2" cb="0"/><line nr="1357" mi="2" ci="0" mb="0" cb="0"/><line nr="1360" mi="6" ci="0" mb="2" cb="0"/><line nr="1361" mi="30" ci="0" mb="12" cb="0"/><line nr="1364" mi="2" ci="0" mb="0" cb="0"/><line nr="1367" mi="2" ci="0" mb="0" cb="0"/><line nr="1368" mi="7" ci="0" mb="2" cb="0"/><line nr="1370" mi="4" ci="0" mb="0" cb="0"/><line nr="1371" mi="6" ci="0" mb="2" cb="0"/><line nr="1372" mi="10" ci="0" mb="4" cb="0"/><line nr="1373" mi="2" ci="0" mb="0" cb="0"/><line nr="1376" mi="2" ci="0" mb="0" cb="0"/><line nr="1379" mi="1" ci="0" mb="0" cb="0"/><line nr="1381" mi="2" ci="0" mb="0" cb="0"/><line nr="1384" mi="12" ci="0" mb="8" cb="0"/><line nr="1385" mi="10" ci="0" mb="4" cb="0"/><line nr="1386" mi="2" ci="0" mb="0" cb="0"/><line nr="1387" mi="3" ci="0" mb="0" cb="0"/><line nr="1389" mi="5" ci="0" mb="2" cb="0"/><line nr="1390" mi="4" ci="0" mb="4" cb="0"/><line nr="1392" mi="2" ci="0" mb="0" cb="0"/><line nr="1394" mi="3" ci="0" mb="0" cb="0"/><line nr="1395" mi="10" ci="0" mb="4" cb="0"/><line nr="1397" mi="2" ci="0" mb="2" cb="0"/><line nr="1399" mi="2" ci="0" mb="0" cb="0"/><line nr="1401" mi="2" ci="0" mb="2" cb="0"/><line nr="1402" mi="2" ci="0" mb="0" cb="0"/><line nr="1404" mi="2" ci="0" mb="0" cb="0"/><line nr="1405" mi="3" ci="0" mb="0" cb="0"/><line nr="1406" mi="10" ci="0" mb="4" cb="0"/><line nr="1407" mi="2" ci="0" mb="2" cb="0"/><line nr="1408" mi="2" ci="0" mb="0" cb="0"/><line nr="1410" mi="2" ci="0" mb="0" cb="0"/><line nr="1411" mi="3" ci="0" mb="0" cb="0"/><line nr="1413" mi="2" ci="0" mb="0" cb="0"/><line nr="1415" mi="2" ci="0" mb="0" cb="0"/><line nr="1417" mi="4" ci="0" mb="2" cb="0"/><line nr="1418" mi="10" ci="0" mb="4" cb="0"/><line nr="1420" mi="2" ci="0" mb="0" cb="0"/><line nr="1422" mi="10" ci="0" mb="4" cb="0"/><line nr="1424" mi="2" ci="0" mb="0" cb="0"/><line nr="1426" mi="5" ci="0" mb="2" cb="0"/><line nr="1427" mi="4" ci="0" mb="4" cb="0"/><line nr="1429" mi="2" ci="0" mb="0" cb="0"/><line nr="1432" mi="2" ci="0" mb="0" cb="0"/><line nr="1434" mi="22" ci="0" mb="10" cb="0"/><line nr="1439" mi="2" ci="0" mb="0" cb="0"/><line nr="1441" mi="10" ci="0" mb="4" cb="0"/><line nr="1444" mi="10" ci="0" mb="6" cb="0"/><line nr="1447" mi="2" ci="0" mb="0" cb="0"/><line nr="1451" mi="8" ci="0" mb="4" cb="0"/><counter type="INSTRUCTION" missed="1434" covered="122"/><counter type="BRANCH" missed="348" covered="12"/><counter type="LINE" missed="346" covered="40"/><counter type="COMPLEXITY" missed="215" covered="15"/><counter type="METHOD" missed="38" covered="11"/><counter type="CLASS" missed="0" covered="1"/></sourcefile><sourcefile name="IEEE754Utils.java"><line nr="28" mi="0" ci="3" mb="0" cb="0"/><line nr="40" mi="0" ci="2" mb="0" cb="2"/><line nr="41" mi="0" ci="5" mb="0" cb="0"/><line nr="42" mi="0" ci="3" mb="0" cb="2"/><line nr="43" mi="0" ci="5" mb="0" cb="0"/><line nr="47" mi="0" ci="4" mb="0" cb="0"/><line nr="48" mi="0" ci="8" mb="0" cb="2"/><line nr="49" mi="0" ci="6" mb="0" cb="0"/><line nr="52" mi="0" ci="2" mb="0" cb="0"/><line nr="65" mi="0" ci="2" mb="0" cb="2"/><line nr="66" mi="0" ci="5" mb="0" cb="0"/><line nr="67" mi="0" ci="3" mb="0" cb="2"/><line nr="68" mi="0" ci="5" mb="0" cb="0"/><line nr="72" mi="0" ci="4" mb="0" cb="0"/><line nr="73" mi="0" ci="8" mb="0" cb="2"/><line nr="74" mi="0" ci="6" mb="0" cb="0"/><line nr="77" mi="0" ci="2" mb="0" cb="0"/><line nr="91" mi="0" ci="6" mb="0" cb="0"/><line nr="104" mi="0" ci="3" mb="0" cb="2"/><line nr="105" mi="0" ci="2" mb="0" cb="0"/><line nr="107" mi="0" ci="3" mb="0" cb="2"/><line nr="108" mi="0" ci="2" mb="0" cb="0"/><line nr="110" mi="0" ci="4" mb="0" cb="0"/><line nr="125" mi="0" ci="6" mb="0" cb="0"/><line nr="138" mi="0" ci="3" mb="0" cb="2"/><line nr="139" mi="0" ci="2" mb="0" cb="0"/><line nr="141" mi="0" ci="3" mb="0" cb="2"/><line nr="142" mi="0" ci="2" mb="0" cb="0"/><line nr="144" mi="0" ci="4" mb="0" cb="0"/><line nr="158" mi="2" ci="0" mb="2" cb="0"/><line nr="159" mi="5" ci="0" mb="0" cb="0"/><line nr="160" mi="3" ci="0" mb="2" cb="0"/><line nr="161" mi="5" ci="0" mb="0" cb="0"/><line nr="165" mi="4" ci="0" mb="0" cb="0"/><line nr="166" mi="8" ci="0" mb="2" cb="0"/><line nr="167" mi="6" ci="0" mb="0" cb="0"/><line nr="170" mi="2" ci="0" mb="0" cb="0"/><line nr="183" mi="0" ci="2" mb="0" cb="2"/><line nr="184" mi="0" ci="5" mb="0" cb="0"/><line nr="185" mi="0" ci="3" mb="0" cb="2"/><line nr="186" mi="0" ci="5" mb="0" cb="0"/><line nr="190" mi="0" ci="4" mb="0" cb="0"/><line nr="191" mi="0" ci="8" mb="0" cb="2"/><line nr="192" mi="0" ci="6" mb="0" cb="0"/><line nr="195" mi="0" ci="2" mb="0" cb="0"/><line nr="209" mi="0" ci="6" mb="0" cb="0"/><line nr="222" mi="0" ci="3" mb="0" cb="2"/><line nr="223" mi="0" ci="2" mb="0" cb="0"/><line nr="225" mi="0" ci="3" mb="1" cb="1"/><line nr="226" mi="2" ci="0" mb="0" cb="0"/><line nr="228" mi="0" ci="4" mb="0" cb="0"/><line nr="243" mi="0" ci="6" mb="0" cb="0"/><line nr="256" mi="0" ci="3" mb="0" cb="2"/><line nr="257" mi="0" ci="2" mb="0" cb="0"/><line nr="259" mi="0" ci="3" mb="0" cb="2"/><line nr="260" mi="0" ci="2" mb="0" cb="0"/><line nr="262" mi="0" ci="4" mb="0" cb="0"/><counter type="INSTRUCTION" missed="37" covered="186"/><counter type="BRANCH" missed="7" covered="33"/><counter type="LINE" missed="9" covered="48"/><counter type="COMPLEXITY" missed="5" covered="28"/><counter type="METHOD" missed="1" covered="12"/><counter type="CLASS" missed="0" covered="1"/></sourcefile><sourcefile name="Fraction.java"><line nr="13" mi="0" ci="6" mb="0" cb="0"/><line nr="17" mi="0" ci="6" mb="0" cb="0"/><line nr="21" mi="0" ci="6" mb="0" cb="0"/><line nr="25" mi="0" ci="6" mb="0" cb="0"/><line nr="29" mi="0" ci="6" mb="0" cb="0"/><line nr="33" mi="0" ci="6" mb="0" cb="0"/><line nr="37" mi="0" ci="6" mb="0" cb="0"/><line nr="41" mi="0" ci="6" mb="0" cb="0"/><line nr="45" mi="0" ci="6" mb="0" cb="0"/><line nr="49" mi="0" ci="6" mb="0" cb="0"/><line nr="53" mi="0" ci="6" mb="0" cb="0"/><line nr="57" mi="0" ci="7" mb="0" cb="0"/><line nr="72" mi="0" ci="3" mb="0" cb="0"/><line nr="76" mi="0" ci="3" mb="0" cb="0"/><line nr="80" mi="0" ci="3" mb="0" cb="0"/><line nr="90" mi="0" ci="2" mb="0" cb="0"/><line nr="91" mi="0" ci="3" mb="0" cb="0"/><line nr="92" mi="0" ci="3" mb="0" cb="0"/><line nr="93" mi="0" ci="1" mb="0" cb="0"/><line nr="108" mi="0" ci="2" mb="0" cb="2"/><line nr="109" mi="0" ci="5" mb="0" cb="0"/><line nr="111" mi="0" ci="2" mb="0" cb="2"/><line nr="112" mi="3" ci="3" mb="3" cb="1"/><line nr="114" mi="0" ci="5" mb="0" cb="0"/><line nr="116" mi="3" ci="0" mb="0" cb="0"/><line nr="117" mi="3" ci="0" mb="0" cb="0"/><line nr="119" mi="0" ci="6" mb="0" cb="0"/><line nr="139" mi="0" ci="2" mb="1" cb="1"/><line nr="140" mi="5" ci="0" mb="0" cb="0"/><line nr="142" mi="0" ci="2" mb="1" cb="1"/><line nr="143" mi="5" ci="0" mb="0" cb="0"/><line nr="145" mi="0" ci="2" mb="1" cb="1"/><line nr="146" mi="5" ci="0" mb="0" cb="0"/><line nr="149" mi="0" ci="2" mb="0" cb="2"/><line nr="150" mi="0" ci="10" mb="0" cb="0"/><line nr="152" mi="0" ci="9" mb="0" cb="0"/><line nr="154" mi="0" ci="8" mb="2" cb="2"/><line nr="156" mi="5" ci="0" mb="0" cb="0"/><line nr="158" mi="0" ci="7" mb="0" cb="0"/><line nr="176" mi="0" ci="2" mb="0" cb="2"/><line nr="177" mi="0" ci="5" mb="0" cb="0"/><line nr="179" mi="0" ci="2" mb="1" cb="1"/><line nr="180" mi="2" ci="0" mb="0" cb="0"/><line nr="183" mi="4" ci="3" mb="3" cb="1"/><line nr="184" mi="8" ci="0" mb="0" cb="0"/><line nr="186" mi="0" ci="2" mb="1" cb="1"/><line nr="187" mi="6" ci="0" mb="4" cb="0"/><line nr="189" mi="5" ci="0" mb="0" cb="0"/><line nr="191" mi="3" ci="0" mb="0" cb="0"/><line nr="192" mi="3" ci="0" mb="0" cb="0"/><line nr="195" mi="0" ci="4" mb="0" cb="0"/><line nr="196" mi="0" ci="4" mb="0" cb="0"/><line nr="197" mi="0" ci="4" mb="0" cb="0"/><line nr="198" mi="0" ci="6" mb="0" cb="0"/><line nr="216" mi="2" ci="6" mb="1" cb="1"/><line nr="217" mi="0" ci="3" mb="0" cb="0"/><line nr="218" mi="0" ci="7" mb="2" cb="2"/><line nr="219" mi="5" ci="0" mb="0" cb="0"/><line nr="222" mi="0" ci="3" mb="0" cb="0"/><line nr="223" mi="0" ci="5" mb="0" cb="0"/><line nr="225" mi="0" ci="2" mb="0" cb="0"/><line nr="226" mi="0" ci="2" mb="0" cb="0"/><line nr="227" mi="0" ci="2" mb="0" cb="0"/><line nr="228" mi="0" ci="2" mb="0" cb="0"/><line nr="229" mi="0" ci="2" mb="0" cb="0"/><line nr="230" mi="0" ci="2" mb="0" cb="0"/><line nr="231" mi="0" ci="3" mb="0" cb="0"/><line nr="232" mi="0" ci="2" mb="0" cb="0"/><line nr="233" mi="0" ci="2" mb="0" cb="0"/><line nr="234" mi="0" ci="2" mb="0" cb="0"/><line nr="235" mi="0" ci="5" mb="0" cb="0"/><line nr="236" mi="0" ci="2" mb="0" cb="0"/><line nr="237" mi="0" ci="2" mb="0" cb="0"/><line nr="239" mi="0" ci="2" mb="0" cb="0"/><line nr="242" mi="0" ci="2" mb="0" cb="0"/><line nr="243" mi="0" ci="5" mb="0" cb="0"/><line nr="244" mi="0" ci="2" mb="0" cb="0"/><line nr="245" mi="0" ci="7" mb="0" cb="0"/><line nr="246" mi="0" ci="6" mb="0" cb="0"/><line nr="247" mi="0" ci="6" mb="0" cb="0"/><line nr="248" mi="0" ci="6" mb="0" cb="0"/><line nr="249" mi="0" ci="5" mb="0" cb="0"/><line nr="251" mi="0" ci="2" mb="0" cb="0"/><line nr="252" mi="0" ci="2" mb="0" cb="0"/><line nr="253" mi="0" ci="2" mb="0" cb="0"/><line nr="254" mi="0" ci="2" mb="0" cb="0"/><line nr="255" mi="0" ci="2" mb="0" cb="0"/><line nr="256" mi="0" ci="2" mb="0" cb="0"/><line nr="257" mi="0" ci="2" mb="0" cb="0"/><line nr="258" mi="0" ci="1" mb="0" cb="0"/><line nr="260" mi="0" ci="12" mb="3" cb="5"/><line nr="261" mi="0" ci="3" mb="1" cb="1"/><line nr="262" mi="5" ci="0" mb="0" cb="0"/><line nr="264" mi="0" ci="10" mb="0" cb="0"/><line nr="286" mi="0" ci="2" mb="1" cb="1"/><line nr="287" mi="0" ci="5" mb="0" cb="0"/><line nr="290" mi="4" ci="0" mb="0" cb="0"/><line nr="291" mi="2" ci="0" mb="2" cb="0"/><line nr="292" mi="4" ci="0" mb="0" cb="0"/><line nr="296" mi="4" ci="0" mb="0" cb="0"/><line nr="297" mi="2" ci="0" mb="2" cb="0"/><line nr="298" mi="6" ci="0" mb="0" cb="0"/><line nr="299" mi="6" ci="0" mb="0" cb="0"/><line nr="300" mi="4" ci="0" mb="0" cb="0"/><line nr="301" mi="2" ci="0" mb="2" cb="0"/><line nr="302" mi="5" ci="0" mb="0" cb="0"/><line nr="304" mi="6" ci="0" mb="0" cb="0"/><line nr="305" mi="7" ci="0" mb="0" cb="0"/><line nr="306" mi="5" ci="0" mb="0" cb="0"/><line nr="311" mi="4" ci="0" mb="0" cb="0"/><line nr="312" mi="2" ci="0" mb="2" cb="0"/><line nr="314" mi="5" ci="0" mb="0" cb="0"/><line nr="316" mi="6" ci="0" mb="0" cb="0"/><line nr="317" mi="7" ci="0" mb="0" cb="0"/><line nr="318" mi="4" ci="0" mb="0" cb="0"/><line nr="334" mi="0" ci="3" mb="0" cb="0"/><line nr="343" mi="0" ci="3" mb="0" cb="0"/><line nr="358" mi="0" ci="7" mb="0" cb="0"/><line nr="373" mi="0" ci="6" mb="0" cb="0"/><line nr="387" mi="0" ci="6" mb="0" cb="0"/><line nr="398" mi="0" ci="8" mb="0" cb="0"/><line nr="409" mi="0" ci="8" mb="0" cb="0"/><line nr="420" mi="0" ci="8" mb="0" cb="0"/><line nr="436" mi="0" ci="3" mb="1" cb="1"/><line nr="437" mi="8" ci="0" mb="2" cb="0"/><line nr="439" mi="0" ci="7" mb="0" cb="0"/><line nr="440" mi="0" ci="3" mb="1" cb="1"/><line nr="441" mi="2" ci="0" mb="0" cb="0"/><line nr="443" mi="0" ci="10" mb="0" cb="0"/><line nr="456" mi="0" ci="3" mb="1" cb="1"/><line nr="457" mi="5" ci="0" mb="0" cb="0"/><line nr="459" mi="0" ci="4" mb="1" cb="1"/><line nr="460" mi="5" ci="0" mb="0" cb="0"/><line nr="462" mi="0" ci="3" mb="1" cb="1"/><line nr="463" mi="10" ci="0" mb="0" cb="0"/><line nr="465" mi="0" ci="8" mb="0" cb="0"/><line nr="478" mi="0" ci="4" mb="1" cb="1"/><line nr="479" mi="5" ci="0" mb="0" cb="0"/><line nr="481" mi="0" ci="9" mb="0" cb="0"/><line nr="494" mi="0" ci="3" mb="1" cb="1"/><line nr="495" mi="2" ci="0" mb="0" cb="0"/><line nr="497" mi="0" ci="3" mb="0" cb="0"/><line nr="513" mi="0" ci="3" mb="0" cb="2"/><line nr="514" mi="0" ci="2" mb="0" cb="0"/><line nr="515" mi="0" ci="2" mb="1" cb="1"/><line nr="516" mi="2" ci="0" mb="0" cb="0"/><line nr="517" mi="0" ci="2" mb="1" cb="1"/><line nr="518" mi="3" ci="0" mb="2" cb="0"/><line nr="519" mi="10" ci="0" mb="0" cb="0"/><line nr="521" mi="6" ci="0" mb="0" cb="0"/><line nr="523" mi="0" ci="4" mb="0" cb="0"/><line nr="524" mi="0" ci="4" mb="1" cb="1"/><line nr="525" mi="0" ci="6" mb="0" cb="0"/><line nr="527" mi="8" ci="0" mb="0" cb="0"/><line nr="544" mi="0" ci="4" mb="2" cb="2"/><line nr="545" mi="6" ci="0" mb="4" cb="0"/><line nr="546" mi="5" ci="0" mb="0" cb="0"/><line nr="548" mi="6" ci="0" mb="0" cb="0"/><line nr="551" mi="0" ci="8" mb="0" cb="4"/><line nr="552" mi="0" ci="2" mb="0" cb="0"/><line nr="558" mi="0" ci="5" mb="1" cb="1"/><line nr="559" mi="0" ci="5" mb="1" cb="1"/><line nr="561" mi="0" ci="2" mb="0" cb="0"/><line nr="562" mi="0" ci="11" mb="1" cb="5"/><line nr="563" mi="0" ci="10" mb="0" cb="0"/><line nr="565" mi="0" ci="3" mb="1" cb="1"/><line nr="566" mi="5" ci="0" mb="0" cb="0"/><line nr="570" mi="0" ci="12" mb="0" cb="2"/><line nr="576" mi="0" ci="4" mb="0" cb="2"/><line nr="577" mi="0" ci="5" mb="0" cb="0"/><line nr="580" mi="0" ci="2" mb="0" cb="2"/><line nr="581" mi="0" ci="4" mb="0" cb="0"/><line nr="583" mi="0" ci="2" mb="0" cb="0"/><line nr="586" mi="0" ci="6" mb="0" cb="0"/><line nr="589" mi="0" ci="2" mb="0" cb="2"/><line nr="590" mi="0" ci="7" mb="0" cb="0"/><line nr="606" mi="0" ci="6" mb="0" cb="0"/><line nr="607" mi="0" ci="8" mb="1" cb="3"/><line nr="609" mi="0" ci="5" mb="0" cb="0"/><line nr="611" mi="0" ci="3" mb="0" cb="0"/><line nr="625" mi="0" ci="6" mb="0" cb="0"/><line nr="626" mi="0" ci="4" mb="0" cb="2"/><line nr="627" mi="0" ci="5" mb="0" cb="0"/><line nr="629" mi="0" ci="3" mb="0" cb="0"/><line nr="642" mi="6" ci="0" mb="0" cb="0"/><line nr="643" mi="8" ci="0" mb="4" cb="0"/><line nr="645" mi="5" ci="0" mb="0" cb="0"/><line nr="647" mi="3" ci="0" mb="0" cb="0"/><line nr="660" mi="6" ci="0" mb="0" cb="0"/><line nr="661" mi="8" ci="0" mb="4" cb="0"/><line nr="663" mi="5" ci="0" mb="0" cb="0"/><line nr="665" mi="3" ci="0" mb="0" cb="0"/><line nr="679" mi="0" ci="5" mb="0" cb="0"/><line nr="693" mi="0" ci="5" mb="0" cb="0"/><line nr="707" mi="0" ci="2" mb="1" cb="1"/><line nr="708" mi="5" ci="0" mb="0" cb="0"/><line nr="711" mi="0" ci="3" mb="1" cb="1"/><line nr="712" mi="7" ci="0" mb="2" cb="0"/><line nr="714" mi="0" ci="3" mb="1" cb="1"/><line nr="715" mi="2" ci="0" mb="0" cb="0"/><line nr="719" mi="0" ci="6" mb="0" cb="0"/><line nr="720" mi="0" ci="3" mb="1" cb="1"/><line nr="722" mi="6" ci="0" mb="0" cb="0"/><line nr="723" mi="6" ci="0" mb="0" cb="0"/><line nr="724" mi="18" ci="0" mb="2" cb="0"/><line nr="731" mi="0" ci="12" mb="0" cb="0"/><line nr="733" mi="0" ci="12" mb="0" cb="0"/><line nr="735" mi="0" ci="10" mb="0" cb="2"/><line nr="738" mi="0" ci="7" mb="0" cb="0"/><line nr="739" mi="2" ci="6" mb="1" cb="1"/><line nr="742" mi="0" ci="6" mb="0" cb="0"/><line nr="743" mi="0" ci="4" mb="1" cb="1"/><line nr="744" mi="5" ci="0" mb="0" cb="0"/><line nr="747" mi="0" ci="15" mb="0" cb="0"/><line nr="763" mi="0" ci="2" mb="0" cb="2"/><line nr="764" mi="0" ci="5" mb="0" cb="0"/><line nr="766" mi="0" ci="6" mb="2" cb="2"/><line nr="767" mi="2" ci="0" mb="0" cb="0"/><line nr="771" mi="0" ci="6" mb="0" cb="0"/><line nr="772" mi="0" ci="6" mb="0" cb="0"/><line nr="773" mi="0" ci="20" mb="0" cb="0"/><line nr="789" mi="0" ci="2" mb="0" cb="2"/><line nr="790" mi="0" ci="5" mb="0" cb="0"/><line nr="792" mi="0" ci="3" mb="0" cb="2"/><line nr="793" mi="0" ci="5" mb="0" cb="0"/><line nr="795" mi="0" ci="5" mb="0" cb="0"/><line nr="811" mi="0" ci="3" mb="1" cb="1"/><line nr="812" mi="2" ci="0" mb="0" cb="0"/><line nr="814" mi="0" ci="3" mb="0" cb="2"/><line nr="815" mi="0" ci="2" mb="0" cb="0"/><line nr="817" mi="0" ci="3" mb="0" cb="0"/><line nr="818" mi="1" ci="13" mb="2" cb="2"/><line nr="829" mi="0" ci="3" mb="1" cb="1"/><line nr="831" mi="0" ci="11" mb="0" cb="0"/><line nr="833" mi="0" ci="3" mb="0" cb="0"/><line nr="850" mi="0" ci="3" mb="1" cb="1"/><line nr="851" mi="2" ci="0" mb="0" cb="0"/><line nr="853" mi="5" ci="5" mb="3" cb="1"/><line nr="854" mi="2" ci="0" mb="0" cb="0"/><line nr="858" mi="0" ci="8" mb="0" cb="0"/><line nr="859" mi="0" ci="8" mb="0" cb="0"/><line nr="860" mi="0" ci="4" mb="1" cb="1"/><line nr="861" mi="0" ci="2" mb="0" cb="0"/><line nr="862" mi="4" ci="0" mb="2" cb="0"/><line nr="863" mi="2" ci="0" mb="0" cb="0"/><line nr="865" mi="2" ci="0" mb="0" cb="0"/><line nr="878" mi="3" ci="0" mb="2" cb="0"/><line nr="879" mi="15" ci="0" mb="0" cb="0"/><line nr="884" mi="3" ci="0" mb="0" cb="0"/><line nr="897" mi="0" ci="3" mb="1" cb="1"/><line nr="898" mi="0" ci="3" mb="1" cb="1"/><line nr="899" mi="4" ci="0" mb="0" cb="0"/><line nr="900" mi="0" ci="5" mb="0" cb="2"/><line nr="901" mi="0" ci="4" mb="0" cb="0"/><line nr="902" mi="0" ci="7" mb="1" cb="1"/><line nr="903" mi="4" ci="0" mb="0" cb="0"/><line nr="904" mi="0" ci="13" mb="1" cb="3"/><line nr="909" mi="0" ci="3" mb="0" cb="0"/><line nr="910" mi="0" ci="2" mb="0" cb="2"/><line nr="911" mi="0" ci="6" mb="0" cb="0"/><line nr="913" mi="0" ci="19" mb="0" cb="0"/><line nr="918" mi="0" ci="1" mb="0" cb="0"/><line nr="919" mi="15" ci="0" mb="0" cb="0"/><line nr="924" mi="0" ci="3" mb="0" cb="0"/><counter type="INSTRUCTION" missed="406" covered="900"/><counter type="BRANCH" missed="95" covered="101"/><counter type="LINE" missed="77" covered="187"/><counter type="COMPLEXITY" missed="77" covered="56"/><counter type="METHOD" missed="3" covered="32"/><counter type="CLASS" missed="0" covered="1"/></sourcefile><counter type="INSTRUCTION" missed="1877" covered="1208"/><counter type="BRANCH" missed="450" covered="146"/><counter type="LINE" missed="432" covered="275"/><counter type="COMPLEXITY" missed="297" covered="99"/><counter type="METHOD" missed="42" covered="55"/><counter type="CLASS" missed="0" covered="3"/></package><counter type="INSTRUCTION" missed="1877" covered="1208"/><counter type="BRANCH" missed="450" covered="146"/><counter type="LINE" missed="432" covered="275"/><counter type="COMPLEXITY" missed="297" covered="99"/><counter type="METHOD" missed="42" covered="55"/><counter type="CLASS" missed="0" covered="3"/></report>