<?xml version="1.0" encoding="UTF-8"?>
<testsuite name="JUnit_Assignment.FractionTest" time="0.014" tests="29" errors="0" skipped="0" failures="0">
  <properties>
[...]
</properties>
  <testcase name="testGetFraction_Deno_Zero" classname="JUnit_Assignment.FractionTest" time="0.01"/>
  <testcase name="testGetProperNumerator" classname="JUnit_Assignment.FractionTest" time="0"/>
  <testcase name="testFloatValue" classname="JUnit_Assignment.FractionTest" time="0"/>
  <testcase name="testGetFraction_Deno_negative" classname="JUnit_Assignment.FractionTest" time="0"/>
  <testcase name="testGetNumerator" classname="JUnit_Assignment.FractionTest" time="0"/>
  <testcase name="testAbs" classname="JUnit_Assignment.FractionTest" time="0"/>
  <testcase name="testAdd" classname="JUnit_Assignment.FractionTest" time="0"/>
  <testcase name="testPow" classname="JUnit_Assignment.FractionTest" time="0"/>
  <testcase name="testSubtract" classname="JUnit_Assignment.FractionTest" time="0"/>
  <testcase name="testToString" classname="JUnit_Assignment.FractionTest" time="0"/>
  <testcase name="testGetReducedFraction" classname="JUnit_Assignment.FractionTest" time="0"/>
  <testcase name="testCompareTo" classname="JUnit_Assignment.FractionTest" time="0"/>
  <testcase name="testGetProperWhole" classname="JUnit_Assignment.FractionTest" time="0"/>
  <testcase name="testReducedFraction_String_Null" classname="JUnit_Assignment.FractionTest" time="0"/>
  <testcase name="testConstants" classname="JUnit_Assignment.FractionTest" time="0"/>
  <testcase name="testToProperString" classname="JUnit_Assignment.FractionTest" time="0"/>
  <testcase name="testGetDenominator" classname="JUnit_Assignment.FractionTest" time="0"/>
  <testcase name="testMultiplyBy" classname="JUnit_Assignment.FractionTest" time="0"/>
  <testcase name="testLongValue" classname="JUnit_Assignment.FractionTest" time="0"/>
  <testcase name="testingHashCode" classname="JUnit_Assignment.FractionTest" time="0"/>
  <testcase name="testDivideBy" classname="JUnit_Assignment.FractionTest" time="0.001"/>
  <testcase name="testReducedFraction_String_Incorrect" classname="JUnit_Assignment.FractionTest" time="0"/>
  <testcase name="testIntValue" classname="JUnit_Assignment.FractionTest" time="0"/>
  <testcase name="testGetFraction_GreaterValues" classname="JUnit_Assignment.FractionTest" time="0.003"/>
  <testcase name="testEquals" classname="JUnit_Assignment.FractionTest" time="0"/>
  <testcase name="testInvert" classname="JUnit_Assignment.FractionTest" time="0"/>
  <testcase name="testNegate" classname="JUnit_Assignment.FractionTest" time="0"/>
  <testcase name="testReduce" classname="JUnit_Assignment.FractionTest" time="0"/>
  <testcase name="testDoubleValue" classname="JUnit_Assignment.FractionTest" time="0"/>
</testsuite>